  Base.cpp
C:\Users\black\source\repos\RoachNet_TF\RoachNet_TF\Base\Math.h(72,40): warning C4244: 'argument': conversion from 'time_t' to 'unsigned int', possible loss of data
  Img.cpp
C:\Users\black\source\repos\RoachNet_TF\RoachNet_TF\Base\Math.h(72,40): warning C4244: 'argument': conversion from 'time_t' to 'unsigned int', possible loss of data
  Math.cpp
C:\Users\black\source\repos\RoachNet_TF\RoachNet_TF\Base\Math.h(72,40): warning C4244: 'argument': conversion from 'time_t' to 'unsigned int', possible loss of data
C:\Users\black\source\repos\RoachNet_TF\RoachNet_TF\Base\Math.cpp(169,19): warning C4244: 'initializing': conversion from 'float' to 'int', possible loss of data
  Structs.cpp
C:\Users\black\source\repos\RoachNet_TF\RoachNet_TF\Base\Math.h(72,40): warning C4244: 'argument': conversion from 'time_t' to 'unsigned int', possible loss of data
C:\Users\black\source\repos\RoachNet_TF\RoachNet_TF\Base\Structs.cpp(223,16): warning C4244: 'initializing': conversion from 'int' to 'float', possible loss of data
  Tuples.cpp
  CTargaImage.cpp
C:\Users\black\source\repos\RoachNet_TF\RoachNet_TF\Base\Math.h(72,40): warning C4244: 'argument': conversion from 'time_t' to 'unsigned int', possible loss of data
C:\Users\black\source\repos\RoachNet_TF\RoachNet_TF\FileIO\CTargaImage.cpp(75,15): error C4996: 'fopen': This function or variable may be unsafe. Consider using fopen_s instead. To disable deprecation, use _CRT_SECURE_NO_WARNINGS. See online help for details.
C:\Users\black\source\repos\RoachNet_TF\RoachNet_TF\FileIO\CTargaImage.cpp(209,16): error C4996: 'fopen': This function or variable may be unsafe. Consider using fopen_s instead. To disable deprecation, use _CRT_SECURE_NO_WARNINGS. See online help for details.
  ParseTxt.cpp
C:\Users\black\source\repos\RoachNet_TF\RoachNet_TF\Base\Math.h(72,40): warning C4244: 'argument': conversion from 'time_t' to 'unsigned int', possible loss of data
C:\Users\black\source\repos\RoachNet_TF\RoachNet_TF\FileIO\ParseTxt.h(50,10): error C3861: 'intToFixedLenStr': identifier not found
  Color.cpp
C:\Users\black\source\repos\RoachNet_TF\RoachNet_TF\Base\Math.h(72,40): warning C4244: 'argument': conversion from 'time_t' to 'unsigned int', possible loss of data
  ColPlate.cpp
C:\Users\black\source\repos\RoachNet_TF\RoachNet_TF\Base\Math.h(72,40): warning C4244: 'argument': conversion from 'time_t' to 'unsigned int', possible loss of data
  ConvolHex.cpp
C:\Users\black\source\repos\RoachNet_TF\RoachNet_TF\Base\Math.h(72,40): warning C4244: 'argument': conversion from 'time_t' to 'unsigned int', possible loss of data
  HexEye.cpp
C:\Users\black\source\repos\RoachNet_TF\RoachNet_TF\Base\Math.h(72,40): warning C4244: 'argument': conversion from 'time_t' to 'unsigned int', possible loss of data
C:\Users\black\source\repos\RoachNet_TF\RoachNet_TF\HexedImg\HexEye.h(15,10): error C2535: 's_HexEye::s_HexEye(void)': member function already defined or declared
C:\Users\black\source\repos\RoachNet_TF\RoachNet_TF\HexedImg\HexEye.h(14): message : see declaration of 's_HexEye::s_HexEye'
C:\Users\black\source\repos\RoachNet_TF\RoachNet_TF\HexedImg\HexEye.cpp(5,22): error C2084: function 's_HexEye::s_HexEye(void)' already has a body
C:\Users\black\source\repos\RoachNet_TF\RoachNet_TF\HexedImg\HexEye.cpp(2): message : see previous definition of '{ctor}'
C:\Users\black\source\repos\RoachNet_TF\RoachNet_TF\HexedImg\HexEye.cpp(198,32): warning C4244: '=': conversion from 'float' to 'long', possible loss of data
C:\Users\black\source\repos\RoachNet_TF\RoachNet_TF\HexedImg\HexEye.cpp(199,31): warning C4244: '=': conversion from 'float' to 'long', possible loss of data
  HexImg.cpp
C:\Users\black\source\repos\RoachNet_TF\RoachNet_TF\Base\Math.h(72,40): warning C4244: 'argument': conversion from 'time_t' to 'unsigned int', possible loss of data
C:\Users\black\source\repos\RoachNet_TF\RoachNet_TF\HexedImg\HexImg.cpp(23,20): error C2664: 'unsigned char s_HexBasePlate::init(const s_HexBasePlate *)': cannot convert argument 1 from 'long' to 'const s_HexBasePlate *'
C:\Users\black\source\repos\RoachNet_TF\RoachNet_TF\HexedImg\HexImg.cpp(23,12): message : Conversion from integral type to pointer type requires reinterpret_cast, C-style cast or function-style cast
C:\Users\black\source\repos\RoachNet_TF\RoachNet_TF\Base\Structs.h(171,16): message : see declaration of 's_HexBasePlate::init'
  Luna.cpp
C:\Users\black\source\repos\RoachNet_TF\RoachNet_TF\Base\Math.h(72,40): warning C4244: 'argument': conversion from 'time_t' to 'unsigned int', possible loss of data
C:\Users\black\source\repos\RoachNet_TF\RoachNet_TF\HexedImg\HexEye.h(15,10): error C2535: 's_HexEye::s_HexEye(void)': member function already defined or declared
C:\Users\black\source\repos\RoachNet_TF\RoachNet_TF\HexedImg\HexEye.h(14): message : see declaration of 's_HexEye::s_HexEye'
  sNet.cpp
C:\Users\black\source\repos\RoachNet_TF\RoachNet_TF\Base\Math.h(72,40): warning C4244: 'argument': conversion from 'time_t' to 'unsigned int', possible loss of data
C:\Users\black\source\repos\RoachNet_TF\RoachNet_TF\HexedImg\HexEye.h(15,10): error C2535: 's_HexEye::s_HexEye(void)': member function already defined or declared
C:\Users\black\source\repos\RoachNet_TF\RoachNet_TF\HexedImg\HexEye.h(14): message : see declaration of 's_HexEye::s_HexEye'
C:\Users\black\source\repos\RoachNet_TF\RoachNet_TF\Nets\sNet.cpp(327,12): warning C4305: 'return': truncation from 'int' to 'bool'
  NNet.cpp
C:\Users\black\source\repos\RoachNet_TF\RoachNet_TF\Base\Math.h(72,40): warning C4244: 'argument': conversion from 'time_t' to 'unsigned int', possible loss of data
C:\Users\black\source\repos\RoachNet_TF\RoachNet_TF\HexedImg\HexEye.h(15,10): error C2535: 's_HexEye::s_HexEye(void)': member function already defined or declared
C:\Users\black\source\repos\RoachNet_TF\RoachNet_TF\HexedImg\HexEye.h(14): message : see declaration of 's_HexEye::s_HexEye'
  RoachNet_TF.cpp
  GenPreImgs.cpp
C:\Users\black\source\repos\RoachNet_TF\RoachNet_TF\Base\Math.h(72,40): warning C4244: 'argument': conversion from 'time_t' to 'unsigned int', possible loss of data
C:\Users\black\source\repos\RoachNet_TF\RoachNet_TF\FileIO\ParseTxt.h(50,10): error C3861: 'intToFixedLenStr': identifier not found
C:\Users\black\source\repos\RoachNet_TF\RoachNet_TF\Train\GenPreImgs.cpp(131,7): error C2371: 'num_bak_per_sig': redefinition; different basic types
C:\Users\black\source\repos\RoachNet_TF\RoachNet_TF\Train\GenPreImgs.cpp(130): message : see declaration of 'num_bak_per_sig'
C:\Users\black\source\repos\RoachNet_TF\RoachNet_TF\Train\GenPreImgs.cpp(132,20): warning C4244: '=': conversion from 'float' to 'int', possible loss of data
  Stamp.cpp
C:\Users\black\source\repos\RoachNet_TF\RoachNet_TF\Base\Math.h(72,40): warning C4244: 'argument': conversion from 'time_t' to 'unsigned int', possible loss of data
C:\Users\black\source\repos\RoachNet_TF\RoachNet_TF\FileIO\ParseTxt.h(50,10): error C3861: 'intToFixedLenStr': identifier not found
C:\Users\black\source\repos\RoachNet_TF\RoachNet_TF\Train\Stamp.cpp(92,6): error C2039: 'r': is not a member of 's_stampKey'
C:\Users\black\source\repos\RoachNet_TF\RoachNet_TF\Train\Stamp.h(51): message : see declaration of 's_stampKey'
C:\Users\black\source\repos\RoachNet_TF\RoachNet_TF\Train\Stamp.cpp(93,6): error C2039: 'Dim': is not a member of 's_stampKey'
C:\Users\black\source\repos\RoachNet_TF\RoachNet_TF\Train\Stamp.h(51): message : see declaration of 's_stampKey'
C:\Users\black\source\repos\RoachNet_TF\RoachNet_TF\Train\Stamp.cpp(97,6): error C2039: 'maxDim': is not a member of 's_stampKey'
C:\Users\black\source\repos\RoachNet_TF\RoachNet_TF\Train\Stamp.h(51): message : see declaration of 's_stampKey'
C:\Users\black\source\repos\RoachNet_TF\RoachNet_TF\Train\Stamp.cpp(104,6): error C2039: 'r': is not a member of 's_stampKey'
C:\Users\black\source\repos\RoachNet_TF\RoachNet_TF\Train\Stamp.h(51): message : see declaration of 's_stampKey'
C:\Users\black\source\repos\RoachNet_TF\RoachNet_TF\Train\Stamp.cpp(104,15): error C2039: 'r': is not a member of 's_stampKey'
C:\Users\black\source\repos\RoachNet_TF\RoachNet_TF\Train\Stamp.h(51): message : see declaration of 's_stampKey'
C:\Users\black\source\repos\RoachNet_TF\RoachNet_TF\Train\Stamp.cpp(105,6): error C2039: 'Dim': is not a member of 's_stampKey'
C:\Users\black\source\repos\RoachNet_TF\RoachNet_TF\Train\Stamp.h(51): message : see declaration of 's_stampKey'
C:\Users\black\source\repos\RoachNet_TF\RoachNet_TF\Train\Stamp.cpp(105,17): error C2039: 'Dim': is not a member of 's_stampKey'
C:\Users\black\source\repos\RoachNet_TF\RoachNet_TF\Train\Stamp.h(51): message : see declaration of 's_stampKey'
C:\Users\black\source\repos\RoachNet_TF\RoachNet_TF\Train\Stamp.cpp(109,6): error C2039: 'maxDim': is not a member of 's_stampKey'
C:\Users\black\source\repos\RoachNet_TF\RoachNet_TF\Train\Stamp.h(51): message : see declaration of 's_stampKey'
C:\Users\black\source\repos\RoachNet_TF\RoachNet_TF\Train\Stamp.cpp(109,20): error C2039: 'maxDim': is not a member of 's_stampKey'
C:\Users\black\source\repos\RoachNet_TF\RoachNet_TF\Train\Stamp.h(51): message : see declaration of 's_stampKey'
C:\Users\black\source\repos\RoachNet_TF\RoachNet_TF\Train\Stamp.cpp(163,5): error C2882: 'n_stampKey': illegal use of namespace identifier in expression
C:\Users\black\source\repos\RoachNet_TF\RoachNet_TF\Train\Stamp.cpp(163,6): error C3861: 'Err': identifier not found
C:\Users\black\source\repos\RoachNet_TF\RoachNet_TF\Train\Stamp.cpp(174,20): error C2882: 'n_stampKey': illegal use of namespace identifier in expression
C:\Users\black\source\repos\RoachNet_TF\RoachNet_TF\Train\Stamp.cpp(246,14): error C2065: 'm_DAng': undeclared identifier
C:\Users\black\source\repos\RoachNet_TF\RoachNet_TF\Train\Stamp.cpp(252,11): error C2882: 'n_datLine': illegal use of namespace identifier in expression
C:\Users\black\source\repos\RoachNet_TF\RoachNet_TF\Train\Stamp.cpp(252,13): error C2065: 'dlines': undeclared identifier
C:\Users\black\source\repos\RoachNet_TF\RoachNet_TF\Train\Stamp.cpp(252,25): error C2061: syntax error: identifier 'n_datLine'
C:\Users\black\source\repos\RoachNet_TF\RoachNet_TF\Train\Stamp.cpp(254,15): error C2882: 'n_datLine': illegal use of namespace identifier in expression
C:\Users\black\source\repos\RoachNet_TF\RoachNet_TF\Train\Stamp.cpp(254,13): error C2146: syntax error: missing ';' before identifier 'dl'
C:\Users\black\source\repos\RoachNet_TF\RoachNet_TF\Train\Stamp.cpp(254,13): error C2065: 'dl': undeclared identifier
C:\Users\black\source\repos\RoachNet_TF\RoachNet_TF\Train\Stamp.cpp(255,54): error C2065: 'dlines': undeclared identifier
C:\Users\black\source\repos\RoachNet_TF\RoachNet_TF\Train\Stamp.cpp(255,6): error C2660: 'n_rCornKey::dumpToDatLine': function does not take 1 arguments
C:\Users\black\source\repos\RoachNet_TF\RoachNet_TF\Train\Stamp.cpp(160,27): message : see declaration of 'n_rCornKey::dumpToDatLine'
C:\Users\black\source\repos\RoachNet_TF\RoachNet_TF\Train\Stamp.cpp(258,28): error C2065: 'dlines': undeclared identifier
C:\Users\black\source\repos\RoachNet_TF\RoachNet_TF\Train\Stamp.cpp(267,15): error C2882: 'n_datLine': illegal use of namespace identifier in expression
C:\Users\black\source\repos\RoachNet_TF\RoachNet_TF\Train\Stamp.cpp(267,12): error C2146: syntax error: missing ';' before identifier 'mdl'
C:\Users\black\source\repos\RoachNet_TF\RoachNet_TF\Train\Stamp.cpp(267,12): error C2065: 'mdl': undeclared identifier
C:\Users\black\source\repos\RoachNet_TF\RoachNet_TF\Train\Stamp.cpp(268,56): error C2065: 'mdl': undeclared identifier
C:\Users\black\source\repos\RoachNet_TF\RoachNet_TF\Train\Stamp.cpp(268,5): error C2660: 'n_stampsKey::dumpToDatLine': function does not take 1 arguments
C:\Users\black\source\repos\RoachNet_TF\RoachNet_TF\Train\Stamp.cpp(21,28): message : see declaration of 'n_stampsKey::dumpToDatLine'
C:\Users\black\source\repos\RoachNet_TF\RoachNet_TF\Train\Stamp.cpp(270,28): error C2065: 'mdl': undeclared identifier
C:\Users\black\source\repos\RoachNet_TF\RoachNet_TF\Train\Stamp.cpp(461,34): warning C4244: '+=': conversion from 'float' to 'long', possible loss of data
C:\Users\black\source\repos\RoachNet_TF\RoachNet_TF\Train\Stamp.cpp(462,34): warning C4244: '+=': conversion from 'float' to 'long', possible loss of data
  TFPre.cpp
  TracksRun.cpp
C:\Users\black\source\repos\RoachNet_TF\RoachNet_TF\Base\Math.h(72,40): warning C4244: 'argument': conversion from 'time_t' to 'unsigned int', possible loss of data
C:\Users\black\source\repos\RoachNet_TF\RoachNet_TF\HexedImg\HexEye.h(15,10): error C2535: 's_HexEye::s_HexEye(void)': member function already defined or declared
C:\Users\black\source\repos\RoachNet_TF\RoachNet_TF\HexedImg\HexEye.h(14): message : see declaration of 's_HexEye::s_HexEye'
C:\Users\black\source\repos\RoachNet_TF\RoachNet_TF\FileIO\ParseTxt.h(50,10): error C3861: 'intToFixedLenStr': identifier not found
C:\Users\black\source\repos\RoachNet_TF\RoachNet_TF\Train\TracksRun.cpp(39,18): error C2039: 'delDataNetObjects': is not a member of 'n_colTrack'
C:\Users\black\source\repos\RoachNet_TF\RoachNet_TF\Train\TracksRun.h(50): message : see declaration of 'n_colTrack'
C:\Users\black\source\repos\RoachNet_TF\RoachNet_TF\Train\TracksRun.cpp(40,8): error C2039: 'lunaNets': is not a member of 's_colTrack'
C:\Users\black\source\repos\RoachNet_TF\RoachNet_TF\Train\TracksRun.h(35): message : see declaration of 's_colTrack'
C:\Users\black\source\repos\RoachNet_TF\RoachNet_TF\Train\TracksRun.cpp(41,12): error C2039: 'lunaNets': is not a member of 's_colTrack'
C:\Users\black\source\repos\RoachNet_TF\RoachNet_TF\Train\TracksRun.h(35): message : see declaration of 's_colTrack'
C:\Users\black\source\repos\RoachNet_TF\RoachNet_TF\Train\TracksRun.cpp(42,4): error C2039: 'lunaNets': is not a member of 's_colTrack'
C:\Users\black\source\repos\RoachNet_TF\RoachNet_TF\Train\TracksRun.h(35): message : see declaration of 's_colTrack'
C:\Users\black\source\repos\RoachNet_TF\RoachNet_TF\Train\TracksRun.cpp(43,8): error C2039: 'L1Nets': is not a member of 's_colTrack'
C:\Users\black\source\repos\RoachNet_TF\RoachNet_TF\Train\TracksRun.h(35): message : see declaration of 's_colTrack'
C:\Users\black\source\repos\RoachNet_TF\RoachNet_TF\Train\TracksRun.cpp(44,12): error C2039: 'L1Nets': is not a member of 's_colTrack'
C:\Users\black\source\repos\RoachNet_TF\RoachNet_TF\Train\TracksRun.h(35): message : see declaration of 's_colTrack'
C:\Users\black\source\repos\RoachNet_TF\RoachNet_TF\Train\TracksRun.cpp(45,4): error C2039: 'L1Nets': is not a member of 's_colTrack'
C:\Users\black\source\repos\RoachNet_TF\RoachNet_TF\Train\TracksRun.h(35): message : see declaration of 's_colTrack'
C:\Users\black\source\repos\RoachNet_TF\RoachNet_TF\Train\TracksRun.cpp(46,8): error C2039: 'L2Nets': is not a member of 's_colTrack'
C:\Users\black\source\repos\RoachNet_TF\RoachNet_TF\Train\TracksRun.h(35): message : see declaration of 's_colTrack'
C:\Users\black\source\repos\RoachNet_TF\RoachNet_TF\Train\TracksRun.cpp(47,12): error C2039: 'L2Nets': is not a member of 's_colTrack'
C:\Users\black\source\repos\RoachNet_TF\RoachNet_TF\Train\TracksRun.h(35): message : see declaration of 's_colTrack'
C:\Users\black\source\repos\RoachNet_TF\RoachNet_TF\Train\TracksRun.cpp(48,4): error C2039: 'L2Nets': is not a member of 's_colTrack'
C:\Users\black\source\repos\RoachNet_TF\RoachNet_TF\Train\TracksRun.h(35): message : see declaration of 's_colTrack'
C:\Users\black\source\repos\RoachNet_TF\RoachNet_TF\Train\TracksRun.cpp(99,15): error C2039: 'genDataNetObjects': is not a member of 'n_colTrack'
C:\Users\black\source\repos\RoachNet_TF\RoachNet_TF\Train\TracksRun.h(50): message : see declaration of 'n_colTrack'
C:\Users\black\source\repos\RoachNet_TF\RoachNet_TF\Train\TracksRun.cpp(118,15): error C2039: 'delDataNetObjects': is not a member of 'n_colTrack'
C:\Users\black\source\repos\RoachNet_TF\RoachNet_TF\Train\TracksRun.h(50): message : see declaration of 'n_colTrack'
C:\Users\black\source\repos\RoachNet_TF\RoachNet_TF\Train\TracksRun.cpp(134,15): error C2653: 's_tracksR': is not a class or namespace name
C:\Users\black\source\repos\RoachNet_TF\RoachNet_TF\Train\TracksRun.cpp(135,4): error C2039: 'lunaNets': is not a member of 's_colTrack'
C:\Users\black\source\repos\RoachNet_TF\RoachNet_TF\Train\TracksRun.h(35): message : see declaration of 's_colTrack'
C:\Users\black\source\repos\RoachNet_TF\RoachNet_TF\Train\TracksRun.cpp(136,4): error C2039: 'L1Nets': is not a member of 's_colTrack'
C:\Users\black\source\repos\RoachNet_TF\RoachNet_TF\Train\TracksRun.h(35): message : see declaration of 's_colTrack'
C:\Users\black\source\repos\RoachNet_TF\RoachNet_TF\Train\TracksRun.cpp(137,4): error C2039: 'L2Nets': is not a member of 's_colTrack'
C:\Users\black\source\repos\RoachNet_TF\RoachNet_TF\Train\TracksRun.h(35): message : see declaration of 's_colTrack'
C:\Users\black\source\repos\RoachNet_TF\RoachNet_TF\Train\TracksRun.cpp(217,26): error C2065: 'm_hexedImg': undeclared identifier
C:\Users\black\source\repos\RoachNet_TF\RoachNet_TF\Train\TracksRun.cpp(217,38): error C2065: 'm_colPlates': undeclared identifier
C:\Users\black\source\repos\RoachNet_TF\RoachNet_TF\Train\TracksRun.cpp(221,29): error C2065: 'm_colPlates': undeclared identifier
C:\Users\black\source\repos\RoachNet_TF\RoachNet_TF\Train\TracksRun.cpp(221,59): error C2065: 'm_lunBasePlates_t1': undeclared identifier
  Generating Code...
C:\Users\black\source\repos\RoachNet_TF\RoachNet_TF\HexedImg\ColPlate.cpp(5): error C4716: 'ColPlate::init': must return a value
C:\Users\black\source\repos\RoachNet_TF\RoachNet_TF\Base\Structs.cpp(661): warning C4715: 's_HexPlateLayer::init': not all control paths return a value
  Compiling...
  TrainBase.cpp
C:\Users\black\source\repos\RoachNet_TF\RoachNet_TF\Base\Math.h(72,40): warning C4244: 'argument': conversion from 'time_t' to 'unsigned int', possible loss of data
C:\Users\black\source\repos\RoachNet_TF\RoachNet_TF\HexedImg\HexEye.h(15,10): error C2535: 's_HexEye::s_HexEye(void)': member function already defined or declared
C:\Users\black\source\repos\RoachNet_TF\RoachNet_TF\HexedImg\HexEye.h(14): message : see declaration of 's_HexEye::s_HexEye'
C:\Users\black\source\repos\RoachNet_TF\RoachNet_TF\FileIO\ParseTxt.h(50,10): error C3861: 'intToFixedLenStr': identifier not found
C:\Users\black\source\repos\RoachNet_TF\RoachNet_TF\Train\TrainBase.cpp(3,37): error C2761: 'unsigned char TrainBase::init(std::string &)': redeclaration of member is not allowed
C:\Users\black\source\repos\RoachNet_TF\RoachNet_TF\Train\TrainBase.cpp(3,31): error C2065: 'strung': undeclared identifier
C:\Users\black\source\repos\RoachNet_TF\RoachNet_TF\Train\TrainBase.cpp(3,39): error C2065: 'L': undeclared identifier
C:\Users\black\source\repos\RoachNet_TF\RoachNet_TF\Train\TrainBase.cpp(3,42): error C2143: syntax error: missing ';' before '{'
C:\Users\black\source\repos\RoachNet_TF\RoachNet_TF\Train\TrainBase.cpp(3,42): error C2447: '{': missing function header (old-style formal list?)
C:\Users\black\source\repos\RoachNet_TF\RoachNet_TF\Train\TrainBase.cpp(39,6): error C2065: 'm_img': undeclared identifier
C:\Users\black\source\repos\RoachNet_TF\RoachNet_TF\Train\TrainBase.cpp(41,9): error C2065: 'm_img': undeclared identifier
C:\Users\black\source\repos\RoachNet_TF\RoachNet_TF\Train\TrainBase.cpp(44,26): error C2039: 'SpawnNetObjs': is not a member of 'TrainBase'
C:\Users\black\source\repos\RoachNet_TF\RoachNet_TF\Train\TrainBase.h(51): message : see declaration of 'TrainBase'
C:\Users\black\source\repos\RoachNet_TF\RoachNet_TF\Train\TrainBase.cpp(45,10): error C2065: 'm_genLuna': undeclared identifier
C:\Users\black\source\repos\RoachNet_TF\RoachNet_TF\Train\TrainBase.cpp(45,27): error C2065: 'm_lunaNets_t1': undeclared identifier
C:\Users\black\source\repos\RoachNet_TF\RoachNet_TF\Train\TrainBase.cpp(45,6): error C3861: 'Err': identifier not found
C:\Users\black\source\repos\RoachNet_TF\RoachNet_TF\Train\TrainBase.cpp(48,26): error C2039: 'SpawnDataObjs': is not a member of 'TrainBase'
C:\Users\black\source\repos\RoachNet_TF\RoachNet_TF\Train\TrainBase.h(51): message : see declaration of 'TrainBase'
C:\Users\black\source\repos\RoachNet_TF\RoachNet_TF\Train\TrainBase.cpp(66,17): error C2039: 'delDataPlateObjects': is not a member of 'TrainBase'
C:\Users\black\source\repos\RoachNet_TF\RoachNet_TF\Train\TrainBase.h(51): message : see declaration of 'TrainBase'
C:\Users\black\source\repos\RoachNet_TF\RoachNet_TF\Train\TrainBase.cpp(67,6): error C2065: 'm_L1Plates_t1': undeclared identifier
C:\Users\black\source\repos\RoachNet_TF\RoachNet_TF\Train\TrainBase.cpp(68,10): error C2065: 'm_L1Plates_t1': undeclared identifier
C:\Users\black\source\repos\RoachNet_TF\RoachNet_TF\Train\TrainBase.cpp(68,23): error C2541: 'delete': cannot delete objects that are not pointers
C:\Users\black\source\repos\RoachNet_TF\RoachNet_TF\Train\TrainBase.cpp(69,6): error C2065: 'm_lunPlates_t1': undeclared identifier
C:\Users\black\source\repos\RoachNet_TF\RoachNet_TF\Train\TrainBase.cpp(70,10): error C2065: 'm_lunPlates_t1': undeclared identifier
C:\Users\black\source\repos\RoachNet_TF\RoachNet_TF\Train\TrainBase.cpp(70,24): error C2541: 'delete': cannot delete objects that are not pointers
C:\Users\black\source\repos\RoachNet_TF\RoachNet_TF\Train\TrainBase.cpp(71,6): error C2065: 'm_lunBasePlates_t1': undeclared identifier
C:\Users\black\source\repos\RoachNet_TF\RoachNet_TF\Train\TrainBase.cpp(72,10): error C2065: 'm_lunBasePlates_t1': undeclared identifier
C:\Users\black\source\repos\RoachNet_TF\RoachNet_TF\Train\TrainBase.cpp(72,28): error C2541: 'delete': cannot delete objects that are not pointers
C:\Users\black\source\repos\RoachNet_TF\RoachNet_TF\Train\TrainBase.cpp(73,6): error C2065: 'm_ColPlates': undeclared identifier
C:\Users\black\source\repos\RoachNet_TF\RoachNet_TF\Train\TrainBase.cpp(74,10): error C2065: 'm_ColPlates': undeclared identifier
C:\Users\black\source\repos\RoachNet_TF\RoachNet_TF\Train\TrainBase.cpp(74,21): error C2541: 'delete': cannot delete objects that are not pointers
C:\Users\black\source\repos\RoachNet_TF\RoachNet_TF\Train\TrainBase.cpp(75,6): error C2065: 'm_hexedImg': undeclared identifier
C:\Users\black\source\repos\RoachNet_TF\RoachNet_TF\Train\TrainBase.cpp(76,10): error C2065: 'm_hexedImg': undeclared identifier
C:\Users\black\source\repos\RoachNet_TF\RoachNet_TF\Train\TrainBase.cpp(76,20): error C2541: 'delete': cannot delete objects that are not pointers
C:\Users\black\source\repos\RoachNet_TF\RoachNet_TF\Train\TrainBase.cpp(77,6): error C2065: 'm_img': undeclared identifier
C:\Users\black\source\repos\RoachNet_TF\RoachNet_TF\Train\TrainBase.cpp(78,10): error C2065: 'm_img': undeclared identifier
C:\Users\black\source\repos\RoachNet_TF\RoachNet_TF\Train\TrainBase.cpp(78,15): error C2541: 'delete': cannot delete objects that are not pointers
C:\Users\black\source\repos\RoachNet_TF\RoachNet_TF\Train\TrainBase.cpp(80,17): error C2039: 'delDataNetObjects': is not a member of 'TrainBase'
C:\Users\black\source\repos\RoachNet_TF\RoachNet_TF\Train\TrainBase.h(51): message : see declaration of 'TrainBase'
C:\Users\black\source\repos\RoachNet_TF\RoachNet_TF\Train\TrainBase.cpp(81,6): error C2065: 'm_L2Nets_t1': undeclared identifier
C:\Users\black\source\repos\RoachNet_TF\RoachNet_TF\Train\TrainBase.cpp(82,10): error C2065: 'm_L2Nets_t1': undeclared identifier
C:\Users\black\source\repos\RoachNet_TF\RoachNet_TF\Train\TrainBase.cpp(82,21): error C2541: 'delete': cannot delete objects that are not pointers
C:\Users\black\source\repos\RoachNet_TF\RoachNet_TF\Train\TrainBase.cpp(83,6): error C2065: 'm_L1Nets_t1': undeclared identifier
C:\Users\black\source\repos\RoachNet_TF\RoachNet_TF\Train\TrainBase.cpp(84,10): error C2065: 'm_L1Nets_t1': undeclared identifier
C:\Users\black\source\repos\RoachNet_TF\RoachNet_TF\Train\TrainBase.cpp(84,21): error C2541: 'delete': cannot delete objects that are not pointers
C:\Users\black\source\repos\RoachNet_TF\RoachNet_TF\Train\TrainBase.cpp(85,6): error C2065: 'm_lunaNets_t1': undeclared identifier
C:\Users\black\source\repos\RoachNet_TF\RoachNet_TF\Train\TrainBase.cpp(86,10): error C2065: 'm_lunaNets_t1': undeclared identifier
C:\Users\black\source\repos\RoachNet_TF\RoachNet_TF\Train\TrainBase.cpp(86,23): error C2541: 'delete': cannot delete objects that are not pointers
C:\Users\black\source\repos\RoachNet_TF\RoachNet_TF\Train\TrainBase.cpp(89,17): error C2039: 'delGenObjects': is not a member of 'TrainBase'
C:\Users\black\source\repos\RoachNet_TF\RoachNet_TF\Train\TrainBase.h(51): message : see declaration of 'TrainBase'
C:\Users\black\source\repos\RoachNet_TF\RoachNet_TF\Train\TrainBase.cpp(90,6): error C2065: 'm_genL1NNet': undeclared identifier
C:\Users\black\source\repos\RoachNet_TF\RoachNet_TF\Train\TrainBase.cpp(91,10): error C2065: 'm_genL1NNet': undeclared identifier
C:\Users\black\source\repos\RoachNet_TF\RoachNet_TF\Train\TrainBase.cpp(91,21): error C2541: 'delete': cannot delete objects that are not pointers
C:\Users\black\source\repos\RoachNet_TF\RoachNet_TF\Train\TrainBase.cpp(92,6): error C2065: 'm_genLuna': undeclared identifier
C:\Users\black\source\repos\RoachNet_TF\RoachNet_TF\Train\TrainBase.cpp(93,10): error C2065: 'm_genLuna': undeclared identifier
C:\Users\black\source\repos\RoachNet_TF\RoachNet_TF\Train\TrainBase.cpp(93,19): error C2541: 'delete': cannot delete objects that are not pointers
C:\Users\black\source\repos\RoachNet_TF\RoachNet_TF\Train\TrainBase.cpp(94,6): error C2065: 'm_genCol': undeclared identifier
C:\Users\black\source\repos\RoachNet_TF\RoachNet_TF\Train\TrainBase.cpp(95,10): error C2065: 'm_genCol': undeclared identifier
C:\Users\black\source\repos\RoachNet_TF\RoachNet_TF\Train\TrainBase.cpp(95,18): error C2541: 'delete': cannot delete objects that are not pointers
C:\Users\black\source\repos\RoachNet_TF\RoachNet_TF\Train\TrainBase.cpp(96,6): error C2065: 'm_genHexImg': undeclared identifier
C:\Users\black\source\repos\RoachNet_TF\RoachNet_TF\Train\TrainBase.cpp(97,3): error C2065: 'delte': undeclared identifier
C:\Users\black\source\repos\RoachNet_TF\RoachNet_TF\Train\TrainBase.cpp(97,9): error C2146: syntax error: missing ';' before identifier 'm_genHexImg'
C:\Users\black\source\repos\RoachNet_TF\RoachNet_TF\Train\TrainBase.cpp(97,9): error C2065: 'm_genHexImg': undeclared identifier
C:\Users\black\source\repos\RoachNet_TF\RoachNet_TF\Train\TrainBase.cpp(100,6): error C2065: 'm_img': undeclared identifier
C:\Users\black\source\repos\RoachNet_TF\RoachNet_TF\Train\TrainBase.cpp(101,3): error C2065: 'm_img': undeclared identifier
C:\Users\black\source\repos\RoachNet_TF\RoachNet_TF\Train\TrainBase.cpp(103,17): error C2039: 'releaseGenObjs': is not a member of 'TrainBase'
C:\Users\black\source\repos\RoachNet_TF\RoachNet_TF\Train\TrainBase.h(51): message : see declaration of 'TrainBase'
C:\Users\black\source\repos\RoachNet_TF\RoachNet_TF\Train\TrainBase.cpp(104,6): error C2065: 'm_genLuna': undeclared identifier
C:\Users\black\source\repos\RoachNet_TF\RoachNet_TF\Train\TrainBase.cpp(105,3): error C2065: 'm_genLuna': undeclared identifier
C:\Users\black\source\repos\RoachNet_TF\RoachNet_TF\Train\TrainBase.cpp(106,6): error C2065: 'm_genCol': undeclared identifier
C:\Users\black\source\repos\RoachNet_TF\RoachNet_TF\Train\TrainBase.cpp(107,3): error C2065: 'm_genCol': undeclared identifier
C:\Users\black\source\repos\RoachNet_TF\RoachNet_TF\Train\TrainBase.cpp(108,6): error C2065: 'm_genHexImg': undeclared identifier
C:\Users\black\source\repos\RoachNet_TF\RoachNet_TF\Train\TrainBase.cpp(109,3): error C2065: 'm_genHexImg': undeclared identifier
C:\Users\black\source\repos\RoachNet_TF\RoachNet_TF\Train\TrainBase.cpp(111,17): error C2039: 'deSpawnNetObjs': is not a member of 'TrainBase'
C:\Users\black\source\repos\RoachNet_TF\RoachNet_TF\Train\TrainBase.h(51): message : see declaration of 'TrainBase'
C:\Users\black\source\repos\RoachNet_TF\RoachNet_TF\Train\TrainBase.cpp(112,6): error C2065: 'm_genLuan': undeclared identifier
C:\Users\black\source\repos\RoachNet_TF\RoachNet_TF\Train\TrainBase.cpp(113,3): error C2065: 'm_genLuna': undeclared identifier
C:\Users\black\source\repos\RoachNet_TF\RoachNet_TF\Train\TrainBase.cpp(113,22): error C2065: 'm_lunaNets_t1': undeclared identifier
C:\Users\black\source\repos\RoachNet_TF\RoachNet_TF\Train\TrainBase.cpp(115,17): error C2039: 'deSpawnDataObjs': is not a member of 'TrainBase'
C:\Users\black\source\repos\RoachNet_TF\RoachNet_TF\Train\TrainBase.h(51): message : see declaration of 'TrainBase'
C:\Users\black\source\repos\RoachNet_TF\RoachNet_TF\Train\TrainBase.cpp(116,6): error C2065: 'm_genCol': undeclared identifier
C:\Users\black\source\repos\RoachNet_TF\RoachNet_TF\Train\TrainBase.cpp(117,3): error C2065: 'm_genCol': undeclared identifier
C:\Users\black\source\repos\RoachNet_TF\RoachNet_TF\Train\TrainBase.cpp(117,24): error C2065: 'm_lunBasePlates_t1': undeclared identifier
C:\Users\black\source\repos\RoachNet_TF\RoachNet_TF\Train\TrainBase.cpp(119,6): error C2065: 'm_genCol': undeclared identifier
C:\Users\black\source\repos\RoachNet_TF\RoachNet_TF\Train\TrainBase.cpp(120,3): error C2065: 'm_genCol': undeclared identifier
C:\Users\black\source\repos\RoachNet_TF\RoachNet_TF\Train\TrainBase.cpp(120,21): error C2065: 'm_colPlates': undeclared identifier
C:\Users\black\source\repos\RoachNet_TF\RoachNet_TF\Train\TrainBase.cpp(123,6): error C2065: 'm_img': undeclared identifier
C:\Users\black\source\repos\RoachNet_TF\RoachNet_TF\Train\TrainBase.cpp(123,23): error C2065: 'm_lunBasePlates_t1': undeclared identifier
C:\Users\black\source\repos\RoachNet_TF\RoachNet_TF\Train\TrainBase.cpp(126,49): error C2660: 'n_ParseTxt::intToFileNameExt': function does not take 1 arguments
C:\Users\black\source\repos\RoachNet_TF\RoachNet_TF\FileIO\ParseTxt.h(49,23): message : see declaration of 'n_ParseTxt::intToFileNameExt'
C:\Users\black\source\repos\RoachNet_TF\RoachNet_TF\Train\TrainBase.cpp(128,22): error C2065: 'first_img_file': undeclared identifier
C:\Users\black\source\repos\RoachNet_TF\RoachNet_TF\Train\TrainBase.cpp(132,2): error C2065: 'm_img': undeclared identifier
C:\Users\black\source\repos\RoachNet_TF\RoachNet_TF\Train\TrainBase.cpp(133,2): error C2065: 'm_img': undeclared identifier
C:\Users\black\source\repos\RoachNet_TF\RoachNet_TF\Train\TrainBase.cpp(134,2): error C2065: 'm_genHexImg': undeclared identifier
C:\Users\black\source\repos\RoachNet_TF\RoachNet_TF\Train\TrainBase.cpp(134,22): error C2065: 'm_img': undeclared identifier
C:\Users\black\source\repos\RoachNet_TF\RoachNet_TF\Train\TrainBase.cpp(135,2): error C2065: 'm_genHexImg': undeclared identifier
C:\Users\black\source\repos\RoachNet_TF\RoachNet_TF\Train\TrainBase.cpp(136,36): error C2065: 'm_lunBasePlates_t1': undeclared identifier
C:\Users\black\source\repos\RoachNet_TF\RoachNet_TF\Train\TrainBase.cpp(138,36): error C2819: type 's_HexBasePlate' does not have an overloaded member 'operator ->'
C:\Users\black\source\repos\RoachNet_TF\RoachNet_TF\Base\Structs.h(166): message : see declaration of 's_HexBasePlate'
C:\Users\black\source\repos\RoachNet_TF\RoachNet_TF\Train\TrainBase.cpp(138,36): message : did you intend to use '.' instead?
C:\Users\black\source\repos\RoachNet_TF\RoachNet_TF\Train\TrainBase.cpp(138,39): error C2232: '->s_Plate::N': left operand has 'class' type, use '.'
C:\Users\black\source\repos\RoachNet_TF\RoachNet_TF\Train\TrainBase.cpp(139,18): error C2882: 'n_Luna': illegal use of namespace identifier in expression
C:\Users\black\source\repos\RoachNet_TF\RoachNet_TF\Train\TrainBase.cpp(139,19): error C2065: 'm_lunaNets_t1': undeclared identifier
C:\Users\black\source\repos\RoachNet_TF\RoachNet_TF\Train\TrainBase.cpp(139,35): error C2065: 'm_lunBasePlates_t1': undeclared identifier
C:\Users\black\source\repos\RoachNet_TF\RoachNet_TF\Train\TrainBase.cpp(139,56): error C2065: 'm_lunPlates_t1': undeclared identifier
  Generating Code...
